[2m2024-10-19T00:41:36.798272Z[0m [31mERROR[0m [2mglazewm[0m[2m:[0m Another instance of the application is already running.
[2m2024-10-29T06:33:03.710601Z[0m [31mERROR[0m [2mglazewm[0m[2m:[0m At least 1 workspace is required per monitor.

Caused by:
    No workspace config available to activate workspace.
[2m2024-11-01T01:47:18.402165Z[0m [31mERROR[0m [2mglazewm[0m[2m:[0m Access is denied. (0x80070005)
[2m2024-11-08T01:49:34.804285Z[0m [31mERROR[0m [2mglazewm[0m[2m:[0m Another instance of the application is already running.
[2m2024-11-13T06:48:14.634739Z[0m [31mERROR[0m [2mglazewm[0m[2m:[0m Workspace with name '1' doesn't exist or is already active.
[2m2024-11-13T06:51:33.193422Z[0m [31mERROR[0m [2mglazewm[0m[2m:[0m Workspace with name '1' doesn't exist or is already active.
[2m2024-11-13T06:51:42.297960Z[0m [31mERROR[0m [2mglazewm[0m[2m:[0m Workspace with name '1' doesn't exist or is already active.
[2m2024-11-13T06:57:28.075107Z[0m [31mERROR[0m [2mglazewm[0m[2m:[0m Workspace with name '2' doesn't exist or is already active.
[2m2024-11-13T06:59:40.982000Z[0m [31mERROR[0m [2mglazewm[0m[2m:[0m Workspace with name '2' doesn't exist or is already active.
[2m2024-11-13T06:59:52.696903Z[0m [31mERROR[0m [2mglazewm[0m[2m:[0m Workspace with name '2' doesn't exist or is already active.
[2m2024-11-25T10:04:03.501948Z[0m [31mERROR[0m [2mglazewm[0m[2m:[0m channel closed
[2m2024-11-25T10:04:11.230778Z[0m [31mERROR[0m [2mglazewm[0m[2m:[0m channel closed
[2m2025-01-15T10:53:16.495863Z[0m [31mERROR[0m [2mglazewm[0m[2m:[0m Workspace with name 'Wezterm' doesn't exist or is already active.
[2m2025-01-16T04:52:15.584180Z[0m [31mERROR[0m [2mglazewm[0m[2m:[0m Another instance of the application is already running.
[2m2025-01-16T04:52:26.684939Z[0m [31mERROR[0m [2mglazewm[0m[2m:[0m Another instance of the application is already running.
[2m2025-02-06T14:39:17.191740Z[0m [31mERROR[0m [2mglazewm[0m[2m:[0m Invalid window handle. (0x80070578)
[2m2025-02-14T03:27:46.097628Z[0m [31mERROR[0m [2mglazewm[0m[2m:[0m Invalid window handle. (0x80070578)
[2m2025-03-06T13:55:35.378662Z[0m [31mERROR[0m [2mglazewm[0m[2m:[0m Invalid window handle. (0x80070578)
[2m2025-03-06T13:55:38.160867Z[0m [31mERROR[0m [2mglazewm[0m[2m:[0m Invalid window handle. (0x80070578)
[2m2025-03-06T13:55:46.578355Z[0m [31mERROR[0m [2mglazewm[0m[2m:[0m Invalid window handle. (0x80070578)
[2m2025-03-06T13:56:30.920467Z[0m [31mERROR[0m [2mglazewm[0m[2m:[0m Invalid window handle. (0x80070578)
[2m2025-03-20T10:21:57.236209Z[0m [31mERROR[0m [2mglazewm[0m[2m:[0m Invalid window handle. (0x80070578)
[2m2025-03-25T11:59:37.080155Z[0m [31mERROR[0m [2mglazewm[0m[2m:[0m channel closed
[2m2025-04-17T09:17:34.751209Z[0m [31mERROR[0m [2mglazewm[0m[2m:[0m channel closed
[2m2025-04-19T05:28:25.614425Z[0m [31mERROR[0m [2mglazewm[0m[2m:[0m channel closed
[2m2025-04-19T12:32:05.612261Z[0m [31mERROR[0m [2mglazewm[0m[2m:[0m channel closed
[2m2025-04-19T12:32:07.104095Z[0m [31mERROR[0m [2mglazewm[0m[2m:[0m channel closed
[2m2025-04-19T12:32:12.387026Z[0m [31mERROR[0m [2mglazewm[0m[2m:[0m channel closed
[2m2025-04-19T12:32:13.547086Z[0m [31mERROR[0m [2mglazewm[0m[2m:[0m channel closed
[2m2025-04-19T12:32:14.240464Z[0m [31mERROR[0m [2mglazewm[0m[2m:[0m channel closed
[2m2025-04-19T12:32:16.613012Z[0m [31mERROR[0m [2mglazewm[0m[2m:[0m channel closed
[2m2025-04-19T12:32:18.435615Z[0m [31mERROR[0m [2mglazewm[0m[2m:[0m channel closed
[2m2025-04-19T12:32:19.512563Z[0m [31mERROR[0m [2mglazewm[0m[2m:[0m channel closed
[2m2025-04-19T12:32:20.186430Z[0m [31mERROR[0m [2mglazewm[0m[2m:[0m channel closed
[2m2025-05-07T07:53:00.138927Z[0m [31mERROR[0m [2mglazewm[0m[2m:[0m Invalid window handle. (0x80070578)
[2m2025-05-07T07:53:02.698915Z[0m [31mERROR[0m [2mglazewm[0m[2m:[0m Invalid window handle. (0x80070578)
[2m2025-05-15T01:13:16.706610Z[0m [31mERROR[0m [2mglazewm[0m[2m:[0m channel closed
[2m2025-05-15T01:13:37.998827Z[0m [31mERROR[0m [2mglazewm[0m[2m:[0m channel closed
[2m2025-05-20T12:48:34.720806Z[0m [31mERROR[0m [2mglazewm[0m[2m:[0m Invalid window handle. (0x80070578)
[2m2025-05-20T12:48:36.911438Z[0m [31mERROR[0m [2mglazewm[0m[2m:[0m Invalid window handle. (0x80070578)
[2m2025-05-22T01:41:45.465175Z[0m [31mERROR[0m [2mglazewm[0m[2m:[0m channel closed
